143116388
686945880
218120095
234801934
60411902
311841988
376409822
1899071
38182092
6771591
6696336
89973001
48474606
10832082
104325973
313407188
119301052
283123205
113995142
122154391
95751540
118931428
21015372
122647025
38281565
546377023
79907052
19023954
25998152
379619748
51797338
9192785
376917630
198480584
38668
119009380
172690061
408077934
114999341
2790910
81307598
108833902
13676516
152579390
206598060
416522807
60524310
56686566
145498020
3204503
279035072
14323032
61477274
398885115
89175191
678712873
71840673
540050477
63726314
782776
155067436
33582634
267326983
110830610
2578188
56093444
167427133
209191123
260039003
126543196
229493572
56597340
275522891
913968
31909976
17718503
142370037
121007214
22546615
316665278
7464536
52259747
112352461
123371055
-1
63797890
16857770
538773577
389050958
545937439
254144705
80578189
138167136
236213281
139382318
163723128
323169657
52929223
241252236
556506632
