52099563
2962126
132710573
128444484
227524525
7327816
208594321
79708192
137535178
103481037
13340934
12654903
775508125
230498904
409812587
382741523
26189269
61584917
329392335
3568163
188725642
78323123
183813866
60518612
100385701
44136910
66362083
80081691
2459214
44654544
476232660
39195616
42992
1639950
8053102
48331740
132297235
612769
52467678
22525748
172332498
305889039
49486186
122569371
488437129
17887950
213715065
43264548
170729025
15176187
37684274
546420367
189176837
236849973
83097892
195177702
55997715
49688361
289010645
3588892
520218784
437309706
451755652
157761793
51513069
35177133
29491137
397229850
2149155
52884106
133593045
82475850
383455593
127510305
1962752
19529203
71084197
11683566
26086180
93541680
46629561
18701132
20635640
152345976
338947378
34424664
74740422
1618682
181446991
709675
249027378
68091294
355983153
90089205
61525393
227770588
250907549
84477631
44748420
23802694
