83358857
23378834
45169396
2775550
14727810
243263561
149863975
144227978
20409820
68477076
802317
131084196
75981
20233896
42720242
127079372
36364528
23415112
107023818
38689838
108448836
177298280
79092300
389672938
619300237
33763242
390620465
71044334
69604667
27176397
797436854
75033954
120408720
32996115
156042730
386525538
463596781
674374730
238815
246117565
59413315
437240785
285966832
19344011
25417176
6312963
125466125
-1
107000003
293885573
514496806
133536250
82226073
10915416
11011131
84102672
86850728
114497762
475678642
134510393
633862141
12341531
369914501
527774305
517271846
567751336
12230727
7463094
76639860
42114430
56864838
17526147
378841079
26923535
183979738
363529216
451254091
76058128
125179906
278882080
176338505
216951537
1572668
54862953
324620299
352898223
109151321
213122342
116125299
20565962
42078243
129129217
134229867
3881277
556711145
9844878
44974534
84267091
267387653
176098
