59133863
357517163
218070070
197554713
5253108
96466955
432181568
353362634
418945206
260523043
5093173
18892374
5102729
168727160
48240056
160815716
351812633
200698710
137170
7096823
245058487
12745435
74308933
85888073
4611832
122333579
57115372
306465489
13703198
297534301
333674123
8640886
75092758
45611130
52443665
150833176
244301663
1885206
7889900
264945479
40563902
141637109
384732199
1170920
305219224
586441500
51535127
-1
109040601
39836734
138138818
169078303
81212511
254329861
915014
177641905
86663066
184755377
330070367
114005394
50792843
429411493
249768687
131789111
681289355
435387089
290131199
67317191
255563149
401719044
-1
75909225
402505280
100688304
51014265
162177941
20937858
3051832
48633978
74786644
88293807
477992828
351915019
237497530
122251367
195772991
51402586
144659083
23526891
627892479
10239959
243071057
126411794
19554462
197740395
27388623
537096277
66123406
320646044
186846252
