488704585
133592821
66542569
107667485
181817393
126828148
261672981
154353713
144772484
260844052
148993933
2302709
96791612
236025581
242851525
35740408
4712094
395613570
323253801
170876614
25268839
85362790
23750934
25450086
77202871
368665474
8275688
1783936
383932663
90532920
228075654
615937562
17321179
3050577
283395612
56820970
162013068
38504428
4988186
21720387
34549962
3239173
305772064
63442754
45088104
13973092
145638313
2745369
104164297
2477677
114066735
92410035
39198348
65162063
34540903
36058323
27732298
67569354
430294561
14367700
310658382
20623443
272863815
54448671
27621408
39453969
10711268
26458524
335920423
5689610
273554641
755907
127750343
8505614
433979502
60251333
21778403
8931339
150218198
9071952
97028653
15635409
118863596
31726637
12725499
73937502
32628004
315181048
284865580
45650902
255293232
9678488
162457918
90636973
170329845
123385786
77743775
338969502
277345991
11319292
