5635576
15035930
283072226
125940139
40467274
9519457
226458213
270902850
-1
14024409
69315422
5358486
461450735
104254458
50757265
96297683
73171534
272944527
261520810
144274832
29834493
240340203
66684797
369475418
54662761
332645638
76459589
49232548
149256594
35793957
4405157
6304461
1656391
140793081
5587910
127183108
66228744
109744845
87233466
115713326
240315769
31601605
232411219
-1
171263381
103473463
14997067
325350766
41095550
21807489
25547792
161120321
37668762
173074157
38497149
10623899
177912390
4408476
32183959
547862327
183661986
81382
94538212
7807911
2292378
129626527
120724671
26329032
28372235
173073499
145996480
409905417
12826107
274285612
31358596
633243748
1161934
388724360
73036931
270097401
2677800
52084800
19510060
170120125
9628857
133046191
134747499
7509535
521209041
80611663
346962736
128317737
149711010
119924355
75808793
72589843
437395308
730531049
120599730
90167318
