93450450
328129874
-1
209846309
299740081
195180048
517344189
26235660
15820856
119170007
-1
3567735
25098754
541321
253238019
30769845
27911507
133723995
77191849
374385233
221542743
10930931
49857221
314229440
27387402
156303025
17346784
147502392
219612186
329787722
20450619
402495371
327670911
160306681
125887973
399064593
441619966
148078782
4542911
412156
72556398
8849514
556887568
2294171
17416433
210343220
72953823
1508199
30641920
295404541
257566076
6777131
92467145
147910362
140180541
35971040
66731601
282902717
418385453
776948715
20110364
74072321
7076412
758000514
44004495
387133388
8287667
7343332
1988645
175069374
35681591
-1
119261038
11898612
58454425
110982121
149368366
179180694
348572087
19052234
21747415
341530805
9220097
86827293
13032208
31928456
363453078
89302038
17109597
19939396
106435674
331720
464015194
433003299
36312928
547641731
27947668
149701907
137458897
343675630
