104
481
97
96
98
101
99
103
93
104
97
103
103
101
103
96
99
99
451
103
101
451
101
101
101
93
93
101
103
415
93
101
219
83
101
104
96
104
93
661
101
101
96
101
95
101
100
94
661
616
96
76
96
101
95
100
515
661
89
104
103
103
104
93
102
661
104
218
661
101
84
93
101
661
104
661
661
82
96
96
104
164
661
661
661
96
661
98
96
101
661
661
661
104
306
96
92
104
661
98
661
102
91
101
98
94
661
661
96
104
661
102
91
96
91
101
101
101
98
661
101
61
96
77
515
661
101
101
88
104
101
661
101
661
93
422
661
93
661
96
101
96
101
661
99
378
378
104
661
104
103
790
101
104
96
661
101
378
101
101
100
614
101
100
101
102
101
101
101
101
661
102
93
577
378
639
101
74
101
661
102
661
661
96
104
792
661
103
101
451
661
661
296
101
103
101
96
101
792
95
102
102
577
462
732
661
104
661
890
101
103
853
661
661
97
93
96
661
84
103
292
661
101
103
661
577
378
98
101
96
661
104
102
102
661
97
661
661
104
103
100
96
559
101
101
978
811
661
104
102
661
164
434
96
411
411
411
411
96
101
411
576
576
411
96
699
82
576
853
576
851
576
92
104
826
92
411
826
389
411
576
363
0
576
100
78
688
576
378
414
890
753
104
851
287
411
218
411
103
576
576
576
732
853
95
868
86
600
411
851
210
576
512
853
627
576
411
781
92
732
363
810
249
808
576
101
98
363
434
88
101
363
411
411
576
104
456
576
411
97
853
314
104
411
586
411
378
826
263
816
101
92
411
411
101
576
576
411
792
104
609
91
96
101
576
576
98
103
411
451
411
411
576
576
576
627
515
808
139
905
768
576
96
470
853
470
101
576
411
411
576
101
811
905
101
411
104
811
576
101
576
411
826
627
576
576
451
411
576
576
924
934
576
90
811
411
411
653
577
616
970
578
545
841
576
606
411
101
576
411
378
924
811
411
389
496
970
826
576
890
378
905
576
576
827
576
576
576
576
411
101
576
616
811
960
411
75
792
811
576
576
811
905
811
577
214
792
411
75
576
411
96
905
905
90
545
101
318
811
411
811
513
93
576
411
600
811
853
606
720
905
411
214
576
594
853
811
960
576
868
576
811
811
411
378
890
411
576
576
103
576
811
792
363
694
576
811
403
101
805
576
576
296
576
576
576
811
890
411
411
826
705
853
104
411
411
826
792
577
959
231
103
811
811
576
657
905
146
100
475
699
363
513
616
957
576
576
414
216
811
959
853
811
959
826
913
576
974
378
214
411
100
95
734
411
905
576
811
959
103
576
101
537
411
576
913
616
755
811
974
576
959
301
90
224
811
263
886
98
905
470
411
959
905
576
894
604
411
576
189
811
792
577
826
577
913
411
411
636
959
905
811
616
905
768
992
94
722
959
609
959
576
411
1000
98
96
268
101
815
890
576
59
573
811
811
411
84
576
959
959
859
576
949
411
513
869
104
332
905
576
635
411
809
616
810
811
576
576
811
576
955
363
345
811
811
462
95
514
811
959
811
576
959
98
959
101
647
1002
99
811
576
576
411
792
974
576
811
378
828
611
811
978
853
688
924
959
905
959
905
811
576
635
905
841
296
959
636
378
811
959
959
82
100
959
576
792
941
205
100
411
905
606
514
576
576
758
826
576
811
959
703
576
411
811
411
811
411
103
411
905
411
576
811
576
688
890
96
96
631
959
811
84
576
411
811
296
959
399
104
93
576
811
411
626
576
959
959
959
961
411
647
811
905
576
88
654
959
811
811
811
811
576
411
826
897
833
833
637
581
811
653
811
411
411
535
782
411
383
886
782
104
104
811
104
977
752
378
514
104
104
576
399
959
104
826
96
414
869
104
576
910
811
946
833
418
959
959
905
698
576
811
959
612
411
514
576
318
411
959
663
959
576
699
811
947
576
411
949
811
940
949
938
949
949
949
475
949
576
949
411
576
616
949
576
949
800
949
959
949
576
411
415
411
959
411
949
82
513
959
811
959
949
415
949
959
949
949
939
981
949
577
576
811
905
576
949
905
971
975
411
949
949
949
811
949
949
959
691
616
949
959
576
959
949
576
411
971
411
949
621
555
959
949
607
291
949
729
314
576
959
811
949
792
576
451
949
949
833
949
999
999
688
959
949
949
949
949
399
728
75
949
514
949
949
949
949
949
949
949
811
411
959
949
949
827
949
249
959
808
535
688
949
949
949
949
949
959
576
924
949
811
949
949
949
949
411
949
949
890
