166046567
636924429
94590401
17733270
10541966
218807795
23986401
40190509
582272152
10361172
50512696
62021447
246688617
276861129
24820934
24350550
393306645
225968759
109912161
51618097
21173845
3522428
-1
180394248
-1
1935905
9777683
24986971
-1
167899340
54345964
12944711
30478699
296600643
20122989
125165520
97836813
33901979
1125066
16594556
17086717
82637712
12812273
91519168
16962340
19799295
10662810
431287454
38374718
350052586
51498301
192766033
26775743
269809075
277534231
692754138
477356738
10071669
21057609
127805038
71642274
69588547
163723625
251319074
34976224
18038505
368832970
11824340
215358915
342717983
92083787
321090779
198277753
26648392
17300771
22435340
45975341
166486429
92970010
42478721
317047967
1232458
62174720
654617178
147341773
266261358
542754079
103321501
77021943
225332751
53674755
212579970
40715770
116710589
7797101
521022327
294639568
126638897
213070614
692281840
