389813355
38626
17595768
423771813
622953022
237828004
45325307
110298873
51822441
40627641
85573091
78679625
-1
160454398
90861670
5603081
74732399
369452555
75121515
67495587
53729391
162991457
410346477
583706837
363567704
58212365
142444240
117869569
103352664
170613709
593337108
169204634
169523520
514835373
139243599
29275161
4674205
32915245
4461176
13999523
42742491
3253836
35038870
113437604
69316546
295468872
244549455
322034663
138349141
365152395
5465602
91869203
156208905
9375200
106932271
31161653
175515436
150893652
259556
98533759
45646288
111398455
203515032
37106942
212549002
32017054
171539485
177628326
469701832
67213461
232009363
66940822
27613191
18716145
525354922
4880100
24366327
78978843
38864359
20462354
115984490
161812858
33523088
101435478
99020381
34081929
136365756
131197042
143636445
245527588
108437395
463411629
203481370
39444890
41137159
17030199
83829914
280457827
312143
50066099
