14590508
240190641
168126181
3307427
95612705
52053726
242287747
3623383
59745438
2261497
-1
563894222
31469582
42371657
399356196
23568419
632139239
589750663
456541
167908802
162764926
81509634
445152862
25810579
8834747
15372048
53116727
44819
37922017
61011855
28140745
463357424
93109690
1638044
171262568
153581432
238976116
80620263
13049430
-1
189128584
298822476
41335942
465719576
41288672
3087699
205970864
205759246
159473081
7168368
30593984
47614064
198447152
154425230
156601976
76353280
14148982
10935319
-1
51141743
324894508
373716120
26610946
100958895
126938893
38729767
93802270
129285972
80480
14843890
373526867
36234920
256046595
319655400
12776462
27546994
374312081
137914788
41584691
228618092
57442401
12102319
22946883
113159927
2272482
5476688
62505417
13243670
896445
87736125
194151546
14269034
48641178
228015766
280682592
566257580
52041960
233657390
251933593
101864433
