167008404
1137685
6610204
90214670
31148593
538453260
110621619
399869794
67756387
1955797
77108723
217563281
39286370
-1
261311398
346698853
10015729
87719760
43653025
251974283
116135350
415068
139499148
40021944
-1
53753822
367959853
106659770
160322412
403934844
4224992
381604357
22251814
20798209
363484397
3593708
401064061
22620966
680274269
78255026
2047779
54759477
504271085
18474479
277302044
319594272
136256578
101038982
55565104
149650682
45743895
696810174
5327673
40805002
205956090
567963649
433952774
67404265
254941594
15273968
277626911
474192782
99566366
184353401
39367459
3049670
40584853
3219545
1915918
113853594
65074810
94115822
106685956
298488475
132760206
231636500
153430247
315207100
386332159
89812687
122718124
28737655
185904029
456096347
6548141
3330995
176136862
443873414
47830070
356083555
129667451
18896405
118918034
8391497
46777685
172317769
38573807
365995580
648209210
26544764
