193553172
486726762
308080552
627791969
50566895
162529113
16398174
17302053
2161393
48955970
36251588
366685996
18794564
82315280
200604454
78205507
35443612
60841279
196493796
784468
428402164
97230508
106990872
146114563
172717767
119253164
138367700
146044605
691178474
96087868
4761599
83443040
228739999
242335218
9695826
7364265
144055167
404069826
154839981
197427678
44550119
248466441
44074401
116476787
123174599
152372484
39904264
305505103
56363643
57164671
96976400
207916497
386217816
5657483
47621931
79634793
99371371
137791773
162654716
16097836
836557572
117279158
118869328
354630439
26970812
37967772
246933680
26974901
2243980
6126776
227594847
469287798
260685642
102166030
434246794
166725081
350752904
8165336
51655492
196904895
629559362
136066982
111960818
95226215
140973735
133395363
1901958
249746786
362497963
39676471
20249991
65133379
509784684
270002736
71436
2146772
109077156
56507362
102044648
394059310
