39407070
46765363
443821635
47007866
666257556
27284500
14107537
530276732
102488434
52734379
37889197
80579427
54806977
239184206
185093418
26236649
326101161
50478494
17224435
88366227
204442982
127915210
134483184
367290670
109200660
125456800
301361936
234205784
215206354
303745530
251787759
425430565
503478041
75474159
51792671
-1
6351410
40172565
23859816
20640160
-1
98387138
51415274
288799613
99661863
-1
31986624
22548566
382929009
668329
506156282
146370551
55167159
78315460
-1
47528219
255816040
86752132
28153062
168440401
1356442
4322480
-1
73087982
1325612
753594790
23631294
74902126
-1
719889700
65241569
72335621
33783883
778591978
111880720
101275813
27018979
310551613
90310102
49316383
182456061
123113078
279532834
335921358
351501563
541918783
309280103
240690555
91854117
134140479
79295506
29255604
189259586
389977451
7295051
-1
15296114
23395391
430074114
246614622
