217137481
28694537
56272898
24198528
35413967
42633633
379918054
196773985
20963521
55663662
51725288
42874155
259036986
106737613
12702657
289935864
36209285
145894919
93042081
62772364
315685834
-1
21412171
44880743
277866179
94961102
80739596
20544673
142111373
62415320
46535271
184553755
7201808
4561562
88741453
234895636
16215883
14906158
11534566
327229206
428798495
63106163
180113913
309988006
62182558
-1
66960885
11422748
112405627
228692390
139347275
232627376
40511536
19053861
244306550
121590318
237806806
128789934
7875996
109087013
34329990
24872777
59954259
128469046
223396295
125565387
89657570
198962459
3264637
189777338
552428503
408982319
14064992
84982193
151087927
109488680
57233802
539551857
183150576
365437432
237056915
158256403
39234148
681268767
199187571
42262656
17301836
75434248
113938453
132956738
287690998
246198394
223177498
41793981
75407593
5794764
250325553
142256108
-1
35055110
