111827496
768627651
234021698
5607333
224314204
35927741
207187338
618802149
58928444
49241711
180805313
445154380
14898292
44188145
381084
43662628
86794991
890940200
83278402
93990339
355927399
55624878
105053710
175644660
17129605
10864777
-1
43253087
16880202
52964060
5822872
147247413
469077557
36561367
57085137
32200333
4672269
9865355
100949930
23157432
476413898
91147853
217671784
40450080
440189224
248709999
226549240
436958884
49272349
296906963
89826831
90860660
106340758
139666805
37474676
68971916
283988987
231468310
153952029
17652611
28040224
478322554
-1
117797897
163716379
358813126
132028893
4470220
293125215
13840191
279525171
178334964
-1
17390772
12294318
22910319
21812269
3624540
42344015
824769634
162134938
195356544
26000209
455520231
141402162
30611407
119864401
100868843
16289348
4012751
474207834
77201936
18355339
45913842
23310186
154496536
64565871
380588442
426342188
145678480
