43396754
79361883
141314059
42816638
211076421
287456444
205603875
215063650
208176091
10157365
29419400
286022686
25453114
-1
5274631
51357966
114472270
613521488
309175235
43450171
104861820
499782136
12175228
127704285
154293751
335385398
176268826
397754381
94573439
17281676
178383522
7234022
85149133
71553855
74244640
47555255
218065120
8120994
450186744
367590818
10075228
126531088
322765825
221203322
43884902
138111532
80425766
159779662
34168772
241582222
212640204
442356232
172585848
123415749
314765506
75317845
57702121
220769249
316411524
101824350
11350114
55820788
695470
115065975
17383832
51703960
28052259
311463615
1679808
7498722
412135302
70291627
163393052
1244090
490213
-1
25575620
198572153
95735670
480334339
116001379
329824879
15292983
233537047
327945358
166547816
-1
41876792
76330115
18850702
120884774
212049974
48864802
339862682
355138318
162256219
39962401
223858883
12624006
128368511
